<?xml version="1.0" encoding="UTF-8"?>
<testng-results ignored="0" total="35" passed="29" failed="6" skipped="0">
  <reporter-output>
  </reporter-output>
  <suite started-at="2021-11-12T09:50:06 GMT+08:00" name="Default suite" finished-at="2021-11-12T10:07:10 GMT+08:00" duration-ms="1024158">
    <groups>
    </groups>
    <test started-at="2021-11-12T09:50:06 GMT+08:00" name="Default test" finished-at="2021-11-12T10:07:10 GMT+08:00" duration-ms="1024158">
      <class name="test.supeixian.demo.TestMyTracks">
        <test-method is-config="true" signature="addListener(org.testng.ITestContext)[pri:0, instance:test.supeixian.demo.TestMyTracks@3972a855]" started-at="2021-11-12T09:50:06 GMT+08:00" name="addListener" description="请求一个监听器" finished-at="2021-11-12T09:50:06 GMT+08:00" duration-ms="9" status="PASS">
          <params>
            <param index="0">
              <value>
                <![CDATA[org.testng.TestRunner@5b2fc2c0]]>
              </value>
            </param>
          </params>
          <reporter-output>
          </reporter-output>
        </test-method> <!-- addListener -->
        <test-method is-config="true" signature="doBeforeClass()[pri:0, instance:test.supeixian.demo.TestMyTracks@3972a855]" started-at="2021-11-12T09:50:06 GMT+08:00" name="doBeforeClass" finished-at="2021-11-12T09:50:11 GMT+08:00" duration-ms="5376" status="PASS">
          <reporter-output>
          </reporter-output>
        </test-method> <!-- doBeforeClass -->
        <test-method is-config="true" signature="doBeforeMehod()[pri:0, instance:test.supeixian.demo.TestMyTracks@3972a855]" started-at="2021-11-12T09:50:11 GMT+08:00" name="doBeforeMehod" finished-at="2021-11-12T09:50:16 GMT+08:00" duration-ms="4743" status="PASS">
          <reporter-output>
          </reporter-output>
        </test-method> <!-- doBeforeMehod -->
        <test-method signature="test01_collection()[pri:0, instance:test.supeixian.demo.TestMyTracks@3972a855]" started-at="2021-11-12T09:50:16 GMT+08:00" name="test01_collection" finished-at="2021-11-12T09:50:41 GMT+08:00" duration-ms="25168" status="PASS">
          <reporter-output>
          </reporter-output>
        </test-method> <!-- test01_collection -->
        <test-method is-config="true" signature="doBeforeMehod()[pri:0, instance:test.supeixian.demo.TestMyTracks@3972a855]" started-at="2021-11-12T09:50:41 GMT+08:00" name="doBeforeMehod" finished-at="2021-11-12T09:50:46 GMT+08:00" duration-ms="4694" status="PASS">
          <reporter-output>
          </reporter-output>
        </test-method> <!-- doBeforeMehod -->
        <test-method signature="test02_collection_details()[pri:0, instance:test.supeixian.demo.TestMyTracks@3972a855]" started-at="2021-11-12T09:50:46 GMT+08:00" name="test02_collection_details" finished-at="2021-11-12T09:51:14 GMT+08:00" duration-ms="28172" status="PASS">
          <reporter-output>
          </reporter-output>
        </test-method> <!-- test02_collection_details -->
        <test-method is-config="true" signature="doBeforeMehod()[pri:0, instance:test.supeixian.demo.TestMyTracks@3972a855]" started-at="2021-11-12T09:51:14 GMT+08:00" name="doBeforeMehod" finished-at="2021-11-12T09:51:18 GMT+08:00" duration-ms="4664" status="PASS">
          <reporter-output>
          </reporter-output>
        </test-method> <!-- doBeforeMehod -->
        <test-method signature="test03_collection_delete_success()[pri:0, instance:test.supeixian.demo.TestMyTracks@3972a855]" started-at="2021-11-12T09:51:18 GMT+08:00" name="test03_collection_delete_success" finished-at="2021-11-12T09:51:44 GMT+08:00" duration-ms="25158" status="PASS">
          <reporter-output>
          </reporter-output>
        </test-method> <!-- test03_collection_delete_success -->
        <test-method is-config="true" signature="doBeforeMehod()[pri:0, instance:test.supeixian.demo.TestMyTracks@3972a855]" started-at="2021-11-12T09:51:44 GMT+08:00" name="doBeforeMehod" finished-at="2021-11-12T09:51:48 GMT+08:00" duration-ms="4673" status="PASS">
          <reporter-output>
          </reporter-output>
        </test-method> <!-- doBeforeMehod -->
        <test-method signature="test04_collection_delete_fail()[pri:0, instance:test.supeixian.demo.TestMyTracks@3972a855]" started-at="2021-11-12T09:51:48 GMT+08:00" name="test04_collection_delete_fail" finished-at="2021-11-12T09:52:13 GMT+08:00" duration-ms="25102" status="PASS">
          <reporter-output>
          </reporter-output>
        </test-method> <!-- test04_collection_delete_fail -->
        <test-method is-config="true" signature="doBeforeMehod()[pri:0, instance:test.supeixian.demo.TestMyTracks@3972a855]" started-at="2021-11-12T09:52:13 GMT+08:00" name="doBeforeMehod" finished-at="2021-11-12T09:52:18 GMT+08:00" duration-ms="4681" status="PASS">
          <reporter-output>
          </reporter-output>
        </test-method> <!-- doBeforeMehod -->
        <test-method signature="test05_collection_many()[pri:0, instance:test.supeixian.demo.TestMyTracks@3972a855]" started-at="2021-11-12T09:52:18 GMT+08:00" name="test05_collection_many" finished-at="2021-11-12T09:52:50 GMT+08:00" duration-ms="31941" status="PASS">
          <reporter-output>
          </reporter-output>
        </test-method> <!-- test05_collection_many -->
        <test-method is-config="true" signature="doBeforeMehod()[pri:0, instance:test.supeixian.demo.TestMyTracks@3972a855]" started-at="2021-11-12T09:52:50 GMT+08:00" name="doBeforeMehod" finished-at="2021-11-12T09:52:55 GMT+08:00" duration-ms="4693" status="PASS">
          <reporter-output>
          </reporter-output>
        </test-method> <!-- doBeforeMehod -->
        <test-method signature="test06_collection_clicklong()[pri:0, instance:test.supeixian.demo.TestMyTracks@3972a855]" started-at="2021-11-12T09:52:55 GMT+08:00" name="test06_collection_clicklong" finished-at="2021-11-12T09:53:16 GMT+08:00" duration-ms="21306" status="FAIL">
          <exception class="org.openqa.selenium.ElementClickInterceptedException">
            <message>
              <![CDATA[Element <a class="text-info" href="/jianyuluntan_2.4.6/index.php/post/18.html"> is not clickable at point (312,16) because another element <div class="collapse navbar-collapse"> obscures it
Build info: version: '3.141.59', revision: 'e82be7d358', time: '2018-11-14T08:25:53'
System info: host: 'LAPTOP-MJQEULQN', ip: '169.254.17.14', os.name: 'Windows 10', os.arch: 'amd64', os.version: '10.0', java.version: '11.0.2'
Driver info: org.openqa.selenium.firefox.FirefoxDriver
Capabilities {acceptInsecureCerts: true, browserName: firefox, browserVersion: 86.0, javascriptEnabled: true, moz:accessibilityChecks: false, moz:buildID: 20210222142601, moz:geckodriverVersion: 0.29.0, moz:headless: false, moz:processID: 32072, moz:profile: C:\Users\苏培贤\AppData\Local\..., moz:shutdownTimeout: 60000, moz:useNonSpecCompliantPointerOrigin: false, moz:webdriverClick: true, pageLoadStrategy: normal, platform: WINDOWS, platformName: WINDOWS, platformVersion: 10.0, rotatable: false, setWindowRect: true, strictFileInteractability: false, timeouts: {implicit: 0, pageLoad: 300000, script: 30000}, unhandledPromptBehavior: dismiss and notify}
Session ID: 61d69c7a-06d1-4305-93ae-77768c63f9a5]]>
            </message>
            <full-stacktrace>
              <![CDATA[org.openqa.selenium.ElementClickInterceptedException: Element <a class="text-info" href="/jianyuluntan_2.4.6/index.php/post/18.html"> is not clickable at point (312,16) because another element <div class="collapse navbar-collapse"> obscures it
Build info: version: '3.141.59', revision: 'e82be7d358', time: '2018-11-14T08:25:53'
System info: host: 'LAPTOP-MJQEULQN', ip: '169.254.17.14', os.name: 'Windows 10', os.arch: 'amd64', os.version: '10.0', java.version: '11.0.2'
Driver info: org.openqa.selenium.firefox.FirefoxDriver
Capabilities {acceptInsecureCerts: true, browserName: firefox, browserVersion: 86.0, javascriptEnabled: true, moz:accessibilityChecks: false, moz:buildID: 20210222142601, moz:geckodriverVersion: 0.29.0, moz:headless: false, moz:processID: 32072, moz:profile: C:\Users\苏培贤\AppData\Local\..., moz:shutdownTimeout: 60000, moz:useNonSpecCompliantPointerOrigin: false, moz:webdriverClick: true, pageLoadStrategy: normal, platform: WINDOWS, platformName: WINDOWS, platformVersion: 10.0, rotatable: false, setWindowRect: true, strictFileInteractability: false, timeouts: {implicit: 0, pageLoad: 300000, script: 30000}, unhandledPromptBehavior: dismiss and notify}
Session ID: 61d69c7a-06d1-4305-93ae-77768c63f9a5
at java.base/jdk.internal.reflect.NativeConstructorAccessorImpl.newInstance0(Native Method)
at java.base/jdk.internal.reflect.NativeConstructorAccessorImpl.newInstance(NativeConstructorAccessorImpl.java:62)
at java.base/jdk.internal.reflect.DelegatingConstructorAccessorImpl.newInstance(DelegatingConstructorAccessorImpl.java:45)
at java.base/java.lang.reflect.Constructor.newInstance(Constructor.java:490)
at org.openqa.selenium.remote.http.W3CHttpResponseCodec.createException(W3CHttpResponseCodec.java:187)
at org.openqa.selenium.remote.http.W3CHttpResponseCodec.decode(W3CHttpResponseCodec.java:122)
at org.openqa.selenium.remote.http.W3CHttpResponseCodec.decode(W3CHttpResponseCodec.java:49)
at org.openqa.selenium.remote.HttpCommandExecutor.execute(HttpCommandExecutor.java:158)
at org.openqa.selenium.remote.service.DriverCommandExecutor.execute(DriverCommandExecutor.java:83)
at org.openqa.selenium.remote.RemoteWebDriver.execute(RemoteWebDriver.java:552)
at org.openqa.selenium.remote.RemoteWebElement.execute(RemoteWebElement.java:285)
at org.openqa.selenium.remote.RemoteWebElement.click(RemoteWebElement.java:84)
at com.webtest.core.WebDriverEngine.clickLonger(WebDriverEngine.java:159)
at test.supeixian.demo.TestMyTracks.test06_collection_clicklong(TestMyTracks.java:146)
at java.base/jdk.internal.reflect.NativeMethodAccessorImpl.invoke0(Native Method)
at java.base/jdk.internal.reflect.NativeMethodAccessorImpl.invoke(NativeMethodAccessorImpl.java:62)
at java.base/jdk.internal.reflect.DelegatingMethodAccessorImpl.invoke(DelegatingMethodAccessorImpl.java:43)
at java.base/java.lang.reflect.Method.invoke(Method.java:566)
at org.testng.internal.MethodInvocationHelper.invokeMethod(MethodInvocationHelper.java:132)
at org.testng.internal.TestInvoker.invokeMethod(TestInvoker.java:599)
at org.testng.internal.TestInvoker.invokeTestMethod(TestInvoker.java:174)
at org.testng.internal.MethodRunner.runInSequence(MethodRunner.java:46)
at org.testng.internal.TestInvoker$MethodInvocationAgent.invoke(TestInvoker.java:822)
at org.testng.internal.TestInvoker.invokeTestMethods(TestInvoker.java:147)
at org.testng.internal.TestMethodWorker.invokeTestMethods(TestMethodWorker.java:146)
at org.testng.internal.TestMethodWorker.run(TestMethodWorker.java:128)
at java.base/java.util.ArrayList.forEach(ArrayList.java:1540)
at org.testng.TestRunner.privateRun(TestRunner.java:764)
at org.testng.TestRunner.run(TestRunner.java:585)
at org.testng.SuiteRunner.runTest(SuiteRunner.java:384)
at org.testng.SuiteRunner.runSequentially(SuiteRunner.java:378)
at org.testng.SuiteRunner.privateRun(SuiteRunner.java:337)
at org.testng.SuiteRunner.run(SuiteRunner.java:286)
at org.testng.SuiteRunnerWorker.runSuite(SuiteRunnerWorker.java:53)
at org.testng.SuiteRunnerWorker.run(SuiteRunnerWorker.java:96)
at org.testng.TestNG.runSuitesSequentially(TestNG.java:1218)
at org.testng.TestNG.runSuitesLocally(TestNG.java:1140)
at org.testng.TestNG.runSuites(TestNG.java:1069)
at org.testng.TestNG.run(TestNG.java:1037)
at org.testng.remote.AbstractRemoteTestNG.run(AbstractRemoteTestNG.java:115)
at org.testng.remote.RemoteTestNG.initAndRun(RemoteTestNG.java:251)
at org.testng.remote.RemoteTestNG.main(RemoteTestNG.java:77)
]]>
            </full-stacktrace>
          </exception> <!-- org.openqa.selenium.ElementClickInterceptedException -->
          <reporter-output>
          </reporter-output>
        </test-method> <!-- test06_collection_clicklong -->
        <test-method is-config="true" signature="doBeforeMehod()[pri:0, instance:test.supeixian.demo.TestMyTracks@3972a855]" started-at="2021-11-12T09:53:16 GMT+08:00" name="doBeforeMehod" finished-at="2021-11-12T09:53:21 GMT+08:00" duration-ms="4696" status="PASS">
          <reporter-output>
          </reporter-output>
        </test-method> <!-- doBeforeMehod -->
        <test-method signature="test07_collection_more()[pri:0, instance:test.supeixian.demo.TestMyTracks@3972a855]" started-at="2021-11-12T09:53:21 GMT+08:00" name="test07_collection_more" finished-at="2021-11-12T09:53:49 GMT+08:00" duration-ms="28060" status="FAIL">
          <exception class="java.lang.AssertionError">
            <message>
              <![CDATA[expected [false] but found [true]]]>
            </message>
            <full-stacktrace>
              <![CDATA[java.lang.AssertionError: expected [false] but found [true]
at org.testng.Assert.fail(Assert.java:99)
at org.testng.Assert.failNotEquals(Assert.java:1037)
at org.testng.Assert.assertEqualsImpl(Assert.java:140)
at org.testng.Assert.assertEquals(Assert.java:122)
at org.testng.Assert.assertEquals(Assert.java:819)
at org.testng.Assert.assertEquals(Assert.java:829)
at test.supeixian.demo.TestMyTracks.test07_collection_more(TestMyTracks.java:187)
at java.base/jdk.internal.reflect.NativeMethodAccessorImpl.invoke0(Native Method)
at java.base/jdk.internal.reflect.NativeMethodAccessorImpl.invoke(NativeMethodAccessorImpl.java:62)
at java.base/jdk.internal.reflect.DelegatingMethodAccessorImpl.invoke(DelegatingMethodAccessorImpl.java:43)
at java.base/java.lang.reflect.Method.invoke(Method.java:566)
at org.testng.internal.MethodInvocationHelper.invokeMethod(MethodInvocationHelper.java:132)
at org.testng.internal.TestInvoker.invokeMethod(TestInvoker.java:599)
at org.testng.internal.TestInvoker.invokeTestMethod(TestInvoker.java:174)
at org.testng.internal.MethodRunner.runInSequence(MethodRunner.java:46)
at org.testng.internal.TestInvoker$MethodInvocationAgent.invoke(TestInvoker.java:822)
at org.testng.internal.TestInvoker.invokeTestMethods(TestInvoker.java:147)
at org.testng.internal.TestMethodWorker.invokeTestMethods(TestMethodWorker.java:146)
at org.testng.internal.TestMethodWorker.run(TestMethodWorker.java:128)
at java.base/java.util.ArrayList.forEach(ArrayList.java:1540)
at org.testng.TestRunner.privateRun(TestRunner.java:764)
at org.testng.TestRunner.run(TestRunner.java:585)
at org.testng.SuiteRunner.runTest(SuiteRunner.java:384)
at org.testng.SuiteRunner.runSequentially(SuiteRunner.java:378)
at org.testng.SuiteRunner.privateRun(SuiteRunner.java:337)
at org.testng.SuiteRunner.run(SuiteRunner.java:286)
at org.testng.SuiteRunnerWorker.runSuite(SuiteRunnerWorker.java:53)
at org.testng.SuiteRunnerWorker.run(SuiteRunnerWorker.java:96)
at org.testng.TestNG.runSuitesSequentially(TestNG.java:1218)
at org.testng.TestNG.runSuitesLocally(TestNG.java:1140)
at org.testng.TestNG.runSuites(TestNG.java:1069)
at org.testng.TestNG.run(TestNG.java:1037)
at org.testng.remote.AbstractRemoteTestNG.run(AbstractRemoteTestNG.java:115)
at org.testng.remote.RemoteTestNG.initAndRun(RemoteTestNG.java:251)
at org.testng.remote.RemoteTestNG.main(RemoteTestNG.java:77)
]]>
            </full-stacktrace>
          </exception> <!-- java.lang.AssertionError -->
          <reporter-output>
          </reporter-output>
        </test-method> <!-- test07_collection_more -->
        <test-method is-config="true" signature="doBeforeMehod()[pri:0, instance:test.supeixian.demo.TestMyTracks@3972a855]" started-at="2021-11-12T09:53:49 GMT+08:00" name="doBeforeMehod" finished-at="2021-11-12T09:53:54 GMT+08:00" duration-ms="5187" status="PASS">
          <reporter-output>
          </reporter-output>
        </test-method> <!-- doBeforeMehod -->
        <test-method signature="test08_visited_posts()[pri:0, instance:test.supeixian.demo.TestMyTracks@3972a855]" started-at="2021-11-12T09:53:54 GMT+08:00" name="test08_visited_posts" finished-at="2021-11-12T09:54:16 GMT+08:00" duration-ms="21977" status="PASS">
          <reporter-output>
          </reporter-output>
        </test-method> <!-- test08_visited_posts -->
        <test-method is-config="true" signature="doBeforeMehod()[pri:0, instance:test.supeixian.demo.TestMyTracks@3972a855]" started-at="2021-11-12T09:54:16 GMT+08:00" name="doBeforeMehod" finished-at="2021-11-12T09:54:21 GMT+08:00" duration-ms="5185" status="PASS">
          <reporter-output>
          </reporter-output>
        </test-method> <!-- doBeforeMehod -->
        <test-method signature="test09_visited_posts_enter_main()[pri:0, instance:test.supeixian.demo.TestMyTracks@3972a855]" started-at="2021-11-12T09:54:21 GMT+08:00" name="test09_visited_posts_enter_main" finished-at="2021-11-12T09:54:46 GMT+08:00" duration-ms="24994" status="PASS">
          <reporter-output>
          </reporter-output>
        </test-method> <!-- test09_visited_posts_enter_main -->
        <test-method is-config="true" signature="doBeforeMehod()[pri:0, instance:test.supeixian.demo.TestMyTracks@3972a855]" started-at="2021-11-12T09:54:46 GMT+08:00" name="doBeforeMehod" finished-at="2021-11-12T09:54:51 GMT+08:00" duration-ms="4652" status="PASS">
          <reporter-output>
          </reporter-output>
        </test-method> <!-- doBeforeMehod -->
        <test-method signature="test10_fold()[pri:0, instance:test.supeixian.demo.TestMyTracks@3972a855]" started-at="2021-11-12T09:54:51 GMT+08:00" name="test10_fold" finished-at="2021-11-12T09:55:10 GMT+08:00" duration-ms="18836" status="PASS">
          <reporter-output>
          </reporter-output>
        </test-method> <!-- test10_fold -->
        <test-method is-config="true" signature="doBeforeMehod()[pri:0, instance:test.supeixian.demo.TestMyTracks@3972a855]" started-at="2021-11-12T09:55:10 GMT+08:00" name="doBeforeMehod" finished-at="2021-11-12T09:55:14 GMT+08:00" duration-ms="4774" status="PASS">
          <reporter-output>
          </reporter-output>
        </test-method> <!-- doBeforeMehod -->
        <test-method signature="test11_fabulous()[pri:0, instance:test.supeixian.demo.TestMyTracks@3972a855]" started-at="2021-11-12T09:55:14 GMT+08:00" name="test11_fabulous" finished-at="2021-11-12T09:55:36 GMT+08:00" duration-ms="21915" status="PASS">
          <reporter-output>
          </reporter-output>
        </test-method> <!-- test11_fabulous -->
        <test-method is-config="true" signature="doBeforeMehod()[pri:0, instance:test.supeixian.demo.TestMyTracks@3972a855]" started-at="2021-11-12T09:55:36 GMT+08:00" name="doBeforeMehod" finished-at="2021-11-12T09:55:41 GMT+08:00" duration-ms="4674" status="PASS">
          <reporter-output>
          </reporter-output>
        </test-method> <!-- doBeforeMehod -->
        <test-method signature="test12_zan_moretime()[pri:0, instance:test.supeixian.demo.TestMyTracks@3972a855]" started-at="2021-11-12T09:55:41 GMT+08:00" name="test12_zan_moretime" finished-at="2021-11-12T09:56:31 GMT+08:00" duration-ms="50296" status="PASS">
          <reporter-output>
          </reporter-output>
        </test-method> <!-- test12_zan_moretime -->
        <test-method is-config="true" signature="doBeforeMehod()[pri:0, instance:test.supeixian.demo.TestMyTracks@3972a855]" started-at="2021-11-12T09:56:31 GMT+08:00" name="doBeforeMehod" finished-at="2021-11-12T09:56:36 GMT+08:00" duration-ms="4704" status="PASS">
          <reporter-output>
          </reporter-output>
        </test-method> <!-- doBeforeMehod -->
        <test-method signature="test13_dele_fabulous_record()[pri:0, instance:test.supeixian.demo.TestMyTracks@3972a855]" started-at="2021-11-12T09:56:36 GMT+08:00" name="test13_dele_fabulous_record" finished-at="2021-11-12T09:57:08 GMT+08:00" duration-ms="31940" status="PASS">
          <reporter-output>
          </reporter-output>
        </test-method> <!-- test13_dele_fabulous_record -->
        <test-method is-config="true" signature="doBeforeMehod()[pri:0, instance:test.supeixian.demo.TestMyTracks@3972a855]" started-at="2021-11-12T09:57:08 GMT+08:00" name="doBeforeMehod" finished-at="2021-11-12T09:57:13 GMT+08:00" duration-ms="4691" status="PASS">
          <reporter-output>
          </reporter-output>
        </test-method> <!-- doBeforeMehod -->
        <test-method signature="test14_fabulous_success()[pri:0, instance:test.supeixian.demo.TestMyTracks@3972a855]" started-at="2021-11-12T09:57:13 GMT+08:00" name="test14_fabulous_success" finished-at="2021-11-12T09:57:41 GMT+08:00" duration-ms="28496" status="PASS">
          <reporter-output>
          </reporter-output>
        </test-method> <!-- test14_fabulous_success -->
        <test-method is-config="true" signature="doBeforeMehod()[pri:0, instance:test.supeixian.demo.TestMyTracks@3972a855]" started-at="2021-11-12T09:57:41 GMT+08:00" name="doBeforeMehod" finished-at="2021-11-12T09:57:46 GMT+08:00" duration-ms="4689" status="PASS">
          <reporter-output>
          </reporter-output>
        </test-method> <!-- doBeforeMehod -->
        <test-method signature="test15_into_dislike_post()[pri:0, instance:test.supeixian.demo.TestMyTracks@3972a855]" started-at="2021-11-12T09:57:46 GMT+08:00" name="test15_into_dislike_post" finished-at="2021-11-12T09:58:04 GMT+08:00" duration-ms="18154" status="FAIL">
          <exception class="org.openqa.selenium.ElementClickInterceptedException">
            <message>
              <![CDATA[Element <a class="nav-link text-dark" href="/jianyuluntan_2.4.6/index.php/user/index/dislikedpost.html"> is not clickable at point (118,722) because another element <div class="fixed-bottom text-right"> obscures it
Build info: version: '3.141.59', revision: 'e82be7d358', time: '2018-11-14T08:25:53'
System info: host: 'LAPTOP-MJQEULQN', ip: '169.254.17.14', os.name: 'Windows 10', os.arch: 'amd64', os.version: '10.0', java.version: '11.0.2'
Driver info: org.openqa.selenium.firefox.FirefoxDriver
Capabilities {acceptInsecureCerts: true, browserName: firefox, browserVersion: 86.0, javascriptEnabled: true, moz:accessibilityChecks: false, moz:buildID: 20210222142601, moz:geckodriverVersion: 0.29.0, moz:headless: false, moz:processID: 15012, moz:profile: C:\Users\苏培贤\AppData\Local\..., moz:shutdownTimeout: 60000, moz:useNonSpecCompliantPointerOrigin: false, moz:webdriverClick: true, pageLoadStrategy: normal, platform: WINDOWS, platformName: WINDOWS, platformVersion: 10.0, rotatable: false, setWindowRect: true, strictFileInteractability: false, timeouts: {implicit: 0, pageLoad: 300000, script: 30000}, unhandledPromptBehavior: dismiss and notify}
Session ID: 53d0f2e0-25d8-4a2b-9976-9ef0c6f75a85]]>
            </message>
            <full-stacktrace>
              <![CDATA[org.openqa.selenium.ElementClickInterceptedException: Element <a class="nav-link text-dark" href="/jianyuluntan_2.4.6/index.php/user/index/dislikedpost.html"> is not clickable at point (118,722) because another element <div class="fixed-bottom text-right"> obscures it
Build info: version: '3.141.59', revision: 'e82be7d358', time: '2018-11-14T08:25:53'
System info: host: 'LAPTOP-MJQEULQN', ip: '169.254.17.14', os.name: 'Windows 10', os.arch: 'amd64', os.version: '10.0', java.version: '11.0.2'
Driver info: org.openqa.selenium.firefox.FirefoxDriver
Capabilities {acceptInsecureCerts: true, browserName: firefox, browserVersion: 86.0, javascriptEnabled: true, moz:accessibilityChecks: false, moz:buildID: 20210222142601, moz:geckodriverVersion: 0.29.0, moz:headless: false, moz:processID: 15012, moz:profile: C:\Users\苏培贤\AppData\Local\..., moz:shutdownTimeout: 60000, moz:useNonSpecCompliantPointerOrigin: false, moz:webdriverClick: true, pageLoadStrategy: normal, platform: WINDOWS, platformName: WINDOWS, platformVersion: 10.0, rotatable: false, setWindowRect: true, strictFileInteractability: false, timeouts: {implicit: 0, pageLoad: 300000, script: 30000}, unhandledPromptBehavior: dismiss and notify}
Session ID: 53d0f2e0-25d8-4a2b-9976-9ef0c6f75a85
at java.base/jdk.internal.reflect.NativeConstructorAccessorImpl.newInstance0(Native Method)
at java.base/jdk.internal.reflect.NativeConstructorAccessorImpl.newInstance(NativeConstructorAccessorImpl.java:62)
at java.base/jdk.internal.reflect.DelegatingConstructorAccessorImpl.newInstance(DelegatingConstructorAccessorImpl.java:45)
at java.base/java.lang.reflect.Constructor.newInstance(Constructor.java:490)
at org.openqa.selenium.remote.http.W3CHttpResponseCodec.createException(W3CHttpResponseCodec.java:187)
at org.openqa.selenium.remote.http.W3CHttpResponseCodec.decode(W3CHttpResponseCodec.java:122)
at org.openqa.selenium.remote.http.W3CHttpResponseCodec.decode(W3CHttpResponseCodec.java:49)
at org.openqa.selenium.remote.HttpCommandExecutor.execute(HttpCommandExecutor.java:158)
at org.openqa.selenium.remote.service.DriverCommandExecutor.execute(DriverCommandExecutor.java:83)
at org.openqa.selenium.remote.RemoteWebDriver.execute(RemoteWebDriver.java:552)
at org.openqa.selenium.remote.RemoteWebElement.execute(RemoteWebElement.java:285)
at org.openqa.selenium.remote.RemoteWebElement.click(RemoteWebElement.java:84)
at com.webtest.core.WebDriverEngine.click(WebDriverEngine.java:149)
at test.supeixian.demo.TestMyTracks.test15_into_dislike_post(TestMyTracks.java:323)
at java.base/jdk.internal.reflect.NativeMethodAccessorImpl.invoke0(Native Method)
at java.base/jdk.internal.reflect.NativeMethodAccessorImpl.invoke(NativeMethodAccessorImpl.java:62)
at java.base/jdk.internal.reflect.DelegatingMethodAccessorImpl.invoke(DelegatingMethodAccessorImpl.java:43)
at java.base/java.lang.reflect.Method.invoke(Method.java:566)
at org.testng.internal.MethodInvocationHelper.invokeMethod(MethodInvocationHelper.java:132)
at org.testng.internal.TestInvoker.invokeMethod(TestInvoker.java:599)
at org.testng.internal.TestInvoker.invokeTestMethod(TestInvoker.java:174)
at org.testng.internal.MethodRunner.runInSequence(MethodRunner.java:46)
at org.testng.internal.TestInvoker$MethodInvocationAgent.invoke(TestInvoker.java:822)
at org.testng.internal.TestInvoker.invokeTestMethods(TestInvoker.java:147)
at org.testng.internal.TestMethodWorker.invokeTestMethods(TestMethodWorker.java:146)
at org.testng.internal.TestMethodWorker.run(TestMethodWorker.java:128)
at java.base/java.util.ArrayList.forEach(ArrayList.java:1540)
at org.testng.TestRunner.privateRun(TestRunner.java:764)
at org.testng.TestRunner.run(TestRunner.java:585)
at org.testng.SuiteRunner.runTest(SuiteRunner.java:384)
at org.testng.SuiteRunner.runSequentially(SuiteRunner.java:378)
at org.testng.SuiteRunner.privateRun(SuiteRunner.java:337)
at org.testng.SuiteRunner.run(SuiteRunner.java:286)
at org.testng.SuiteRunnerWorker.runSuite(SuiteRunnerWorker.java:53)
at org.testng.SuiteRunnerWorker.run(SuiteRunnerWorker.java:96)
at org.testng.TestNG.runSuitesSequentially(TestNG.java:1218)
at org.testng.TestNG.runSuitesLocally(TestNG.java:1140)
at org.testng.TestNG.runSuites(TestNG.java:1069)
at org.testng.TestNG.run(TestNG.java:1037)
at org.testng.remote.AbstractRemoteTestNG.run(AbstractRemoteTestNG.java:115)
at org.testng.remote.RemoteTestNG.initAndRun(RemoteTestNG.java:251)
at org.testng.remote.RemoteTestNG.main(RemoteTestNG.java:77)
]]>
            </full-stacktrace>
          </exception> <!-- org.openqa.selenium.ElementClickInterceptedException -->
          <reporter-output>
          </reporter-output>
        </test-method> <!-- test15_into_dislike_post -->
        <test-method is-config="true" signature="doBeforeMehod()[pri:0, instance:test.supeixian.demo.TestMyTracks@3972a855]" started-at="2021-11-12T09:58:04 GMT+08:00" name="doBeforeMehod" finished-at="2021-11-12T09:58:09 GMT+08:00" duration-ms="4721" status="PASS">
          <reporter-output>
          </reporter-output>
        </test-method> <!-- doBeforeMehod -->
        <test-method signature="test16_dele_dislike_post()[pri:0, instance:test.supeixian.demo.TestMyTracks@3972a855]" started-at="2021-11-12T09:58:09 GMT+08:00" name="test16_dele_dislike_post" finished-at="2021-11-12T09:58:31 GMT+08:00" duration-ms="22024" status="PASS">
          <reporter-output>
          </reporter-output>
        </test-method> <!-- test16_dele_dislike_post -->
        <test-method is-config="true" signature="doBeforeMehod()[pri:0, instance:test.supeixian.demo.TestMyTracks@3972a855]" started-at="2021-11-12T09:58:31 GMT+08:00" name="doBeforeMehod" finished-at="2021-11-12T09:58:36 GMT+08:00" duration-ms="4689" status="PASS">
          <reporter-output>
          </reporter-output>
        </test-method> <!-- doBeforeMehod -->
        <test-method signature="test17_dislike_success()[pri:0, instance:test.supeixian.demo.TestMyTracks@3972a855]" started-at="2021-11-12T09:58:36 GMT+08:00" name="test17_dislike_success" finished-at="2021-11-12T09:59:03 GMT+08:00" duration-ms="27276" status="FAIL">
          <exception class="org.openqa.selenium.ElementClickInterceptedException">
            <message>
              <![CDATA[Element <a class="nav-link text-dark" href="/jianyuluntan_2.4.6/index.php/user/index/dislikedpost.html"> is not clickable at point (118,722) because another element <div class="fixed-bottom text-right"> obscures it
Build info: version: '3.141.59', revision: 'e82be7d358', time: '2018-11-14T08:25:53'
System info: host: 'LAPTOP-MJQEULQN', ip: '169.254.17.14', os.name: 'Windows 10', os.arch: 'amd64', os.version: '10.0', java.version: '11.0.2'
Driver info: org.openqa.selenium.firefox.FirefoxDriver
Capabilities {acceptInsecureCerts: true, browserName: firefox, browserVersion: 86.0, javascriptEnabled: true, moz:accessibilityChecks: false, moz:buildID: 20210222142601, moz:geckodriverVersion: 0.29.0, moz:headless: false, moz:processID: 41080, moz:profile: C:\Users\苏培贤\AppData\Local\..., moz:shutdownTimeout: 60000, moz:useNonSpecCompliantPointerOrigin: false, moz:webdriverClick: true, pageLoadStrategy: normal, platform: WINDOWS, platformName: WINDOWS, platformVersion: 10.0, rotatable: false, setWindowRect: true, strictFileInteractability: false, timeouts: {implicit: 0, pageLoad: 300000, script: 30000}, unhandledPromptBehavior: dismiss and notify}
Session ID: 43d5396a-adfe-4436-8916-688a9e1d5906]]>
            </message>
            <full-stacktrace>
              <![CDATA[org.openqa.selenium.ElementClickInterceptedException: Element <a class="nav-link text-dark" href="/jianyuluntan_2.4.6/index.php/user/index/dislikedpost.html"> is not clickable at point (118,722) because another element <div class="fixed-bottom text-right"> obscures it
Build info: version: '3.141.59', revision: 'e82be7d358', time: '2018-11-14T08:25:53'
System info: host: 'LAPTOP-MJQEULQN', ip: '169.254.17.14', os.name: 'Windows 10', os.arch: 'amd64', os.version: '10.0', java.version: '11.0.2'
Driver info: org.openqa.selenium.firefox.FirefoxDriver
Capabilities {acceptInsecureCerts: true, browserName: firefox, browserVersion: 86.0, javascriptEnabled: true, moz:accessibilityChecks: false, moz:buildID: 20210222142601, moz:geckodriverVersion: 0.29.0, moz:headless: false, moz:processID: 41080, moz:profile: C:\Users\苏培贤\AppData\Local\..., moz:shutdownTimeout: 60000, moz:useNonSpecCompliantPointerOrigin: false, moz:webdriverClick: true, pageLoadStrategy: normal, platform: WINDOWS, platformName: WINDOWS, platformVersion: 10.0, rotatable: false, setWindowRect: true, strictFileInteractability: false, timeouts: {implicit: 0, pageLoad: 300000, script: 30000}, unhandledPromptBehavior: dismiss and notify}
Session ID: 43d5396a-adfe-4436-8916-688a9e1d5906
at java.base/jdk.internal.reflect.NativeConstructorAccessorImpl.newInstance0(Native Method)
at java.base/jdk.internal.reflect.NativeConstructorAccessorImpl.newInstance(NativeConstructorAccessorImpl.java:62)
at java.base/jdk.internal.reflect.DelegatingConstructorAccessorImpl.newInstance(DelegatingConstructorAccessorImpl.java:45)
at java.base/java.lang.reflect.Constructor.newInstance(Constructor.java:490)
at org.openqa.selenium.remote.http.W3CHttpResponseCodec.createException(W3CHttpResponseCodec.java:187)
at org.openqa.selenium.remote.http.W3CHttpResponseCodec.decode(W3CHttpResponseCodec.java:122)
at org.openqa.selenium.remote.http.W3CHttpResponseCodec.decode(W3CHttpResponseCodec.java:49)
at org.openqa.selenium.remote.HttpCommandExecutor.execute(HttpCommandExecutor.java:158)
at org.openqa.selenium.remote.service.DriverCommandExecutor.execute(DriverCommandExecutor.java:83)
at org.openqa.selenium.remote.RemoteWebDriver.execute(RemoteWebDriver.java:552)
at org.openqa.selenium.remote.RemoteWebElement.execute(RemoteWebElement.java:285)
at org.openqa.selenium.remote.RemoteWebElement.click(RemoteWebElement.java:84)
at com.webtest.core.WebDriverEngine.click(WebDriverEngine.java:149)
at test.supeixian.demo.TestMyTracks.test17_dislike_success(TestMyTracks.java:366)
at java.base/jdk.internal.reflect.NativeMethodAccessorImpl.invoke0(Native Method)
at java.base/jdk.internal.reflect.NativeMethodAccessorImpl.invoke(NativeMethodAccessorImpl.java:62)
at java.base/jdk.internal.reflect.DelegatingMethodAccessorImpl.invoke(DelegatingMethodAccessorImpl.java:43)
at java.base/java.lang.reflect.Method.invoke(Method.java:566)
at org.testng.internal.MethodInvocationHelper.invokeMethod(MethodInvocationHelper.java:132)
at org.testng.internal.TestInvoker.invokeMethod(TestInvoker.java:599)
at org.testng.internal.TestInvoker.invokeTestMethod(TestInvoker.java:174)
at org.testng.internal.MethodRunner.runInSequence(MethodRunner.java:46)
at org.testng.internal.TestInvoker$MethodInvocationAgent.invoke(TestInvoker.java:822)
at org.testng.internal.TestInvoker.invokeTestMethods(TestInvoker.java:147)
at org.testng.internal.TestMethodWorker.invokeTestMethods(TestMethodWorker.java:146)
at org.testng.internal.TestMethodWorker.run(TestMethodWorker.java:128)
at java.base/java.util.ArrayList.forEach(ArrayList.java:1540)
at org.testng.TestRunner.privateRun(TestRunner.java:764)
at org.testng.TestRunner.run(TestRunner.java:585)
at org.testng.SuiteRunner.runTest(SuiteRunner.java:384)
at org.testng.SuiteRunner.runSequentially(SuiteRunner.java:378)
at org.testng.SuiteRunner.privateRun(SuiteRunner.java:337)
at org.testng.SuiteRunner.run(SuiteRunner.java:286)
at org.testng.SuiteRunnerWorker.runSuite(SuiteRunnerWorker.java:53)
at org.testng.SuiteRunnerWorker.run(SuiteRunnerWorker.java:96)
at org.testng.TestNG.runSuitesSequentially(TestNG.java:1218)
at org.testng.TestNG.runSuitesLocally(TestNG.java:1140)
at org.testng.TestNG.runSuites(TestNG.java:1069)
at org.testng.TestNG.run(TestNG.java:1037)
at org.testng.remote.AbstractRemoteTestNG.run(AbstractRemoteTestNG.java:115)
at org.testng.remote.RemoteTestNG.initAndRun(RemoteTestNG.java:251)
at org.testng.remote.RemoteTestNG.main(RemoteTestNG.java:77)
]]>
            </full-stacktrace>
          </exception> <!-- org.openqa.selenium.ElementClickInterceptedException -->
          <reporter-output>
          </reporter-output>
        </test-method> <!-- test17_dislike_success -->
        <test-method is-config="true" signature="doBeforeMehod()[pri:0, instance:test.supeixian.demo.TestMyTracks@3972a855]" started-at="2021-11-12T09:59:03 GMT+08:00" name="doBeforeMehod" finished-at="2021-11-12T09:59:08 GMT+08:00" duration-ms="4719" status="PASS">
          <reporter-output>
          </reporter-output>
        </test-method> <!-- doBeforeMehod -->
        <test-method signature="test18_into_comment()[pri:0, instance:test.supeixian.demo.TestMyTracks@3972a855]" started-at="2021-11-12T09:59:08 GMT+08:00" name="test18_into_comment" finished-at="2021-11-12T09:59:30 GMT+08:00" duration-ms="21989" status="PASS">
          <reporter-output>
          </reporter-output>
        </test-method> <!-- test18_into_comment -->
        <test-method is-config="true" signature="doBeforeMehod()[pri:0, instance:test.supeixian.demo.TestMyTracks@3972a855]" started-at="2021-11-12T09:59:30 GMT+08:00" name="doBeforeMehod" finished-at="2021-11-12T09:59:35 GMT+08:00" duration-ms="5174" status="PASS">
          <reporter-output>
          </reporter-output>
        </test-method> <!-- doBeforeMehod -->
        <test-method signature="test19_from_comment_into_post()[pri:0, instance:test.supeixian.demo.TestMyTracks@3972a855]" started-at="2021-11-12T09:59:35 GMT+08:00" name="test19_from_comment_into_post" finished-at="2021-11-12T09:59:57 GMT+08:00" duration-ms="22003" status="PASS">
          <reporter-output>
          </reporter-output>
        </test-method> <!-- test19_from_comment_into_post -->
        <test-method is-config="true" signature="doBeforeMehod()[pri:0, instance:test.supeixian.demo.TestMyTracks@3972a855]" started-at="2021-11-12T09:59:57 GMT+08:00" name="doBeforeMehod" finished-at="2021-11-12T10:00:02 GMT+08:00" duration-ms="5178" status="PASS">
          <reporter-output>
          </reporter-output>
        </test-method> <!-- doBeforeMehod -->
        <test-method signature="test20_dele_like_follow_post()[pri:0, instance:test.supeixian.demo.TestMyTracks@3972a855]" started-at="2021-11-12T10:00:02 GMT+08:00" name="test20_dele_like_follow_post" finished-at="2021-11-12T10:00:24 GMT+08:00" duration-ms="22094" status="PASS">
          <reporter-output>
          </reporter-output>
        </test-method> <!-- test20_dele_like_follow_post -->
        <test-method is-config="true" signature="doBeforeMehod()[pri:0, instance:test.supeixian.demo.TestMyTracks@3972a855]" started-at="2021-11-12T10:00:24 GMT+08:00" name="doBeforeMehod" finished-at="2021-11-12T10:00:29 GMT+08:00" duration-ms="4721" status="PASS">
          <reporter-output>
          </reporter-output>
        </test-method> <!-- doBeforeMehod -->
        <test-method signature="test21_like_follow_post_success()[pri:0, instance:test.supeixian.demo.TestMyTracks@3972a855]" started-at="2021-11-12T10:00:29 GMT+08:00" name="test21_like_follow_post_success" finished-at="2021-11-12T10:00:50 GMT+08:00" duration-ms="21344" status="FAIL">
          <exception class="org.openqa.selenium.ElementClickInterceptedException">
            <message>
              <![CDATA[Element <a class="nav-link text-dark" href="/jianyuluntan_2.4.6/index.php/user/index/likedfollow.html"> is not clickable at point (118,710) because another element <div class="fixed-bottom text-right"> obscures it
Build info: version: '3.141.59', revision: 'e82be7d358', time: '2018-11-14T08:25:53'
System info: host: 'LAPTOP-MJQEULQN', ip: '169.254.17.14', os.name: 'Windows 10', os.arch: 'amd64', os.version: '10.0', java.version: '11.0.2'
Driver info: org.openqa.selenium.firefox.FirefoxDriver
Capabilities {acceptInsecureCerts: true, browserName: firefox, browserVersion: 86.0, javascriptEnabled: true, moz:accessibilityChecks: false, moz:buildID: 20210222142601, moz:geckodriverVersion: 0.29.0, moz:headless: false, moz:processID: 2808, moz:profile: C:\Users\苏培贤\AppData\Local\..., moz:shutdownTimeout: 60000, moz:useNonSpecCompliantPointerOrigin: false, moz:webdriverClick: true, pageLoadStrategy: normal, platform: WINDOWS, platformName: WINDOWS, platformVersion: 10.0, rotatable: false, setWindowRect: true, strictFileInteractability: false, timeouts: {implicit: 0, pageLoad: 300000, script: 30000}, unhandledPromptBehavior: dismiss and notify}
Session ID: 60e3e5f6-0521-4cbe-930d-4af29e65b9f3]]>
            </message>
            <full-stacktrace>
              <![CDATA[org.openqa.selenium.ElementClickInterceptedException: Element <a class="nav-link text-dark" href="/jianyuluntan_2.4.6/index.php/user/index/likedfollow.html"> is not clickable at point (118,710) because another element <div class="fixed-bottom text-right"> obscures it
Build info: version: '3.141.59', revision: 'e82be7d358', time: '2018-11-14T08:25:53'
System info: host: 'LAPTOP-MJQEULQN', ip: '169.254.17.14', os.name: 'Windows 10', os.arch: 'amd64', os.version: '10.0', java.version: '11.0.2'
Driver info: org.openqa.selenium.firefox.FirefoxDriver
Capabilities {acceptInsecureCerts: true, browserName: firefox, browserVersion: 86.0, javascriptEnabled: true, moz:accessibilityChecks: false, moz:buildID: 20210222142601, moz:geckodriverVersion: 0.29.0, moz:headless: false, moz:processID: 2808, moz:profile: C:\Users\苏培贤\AppData\Local\..., moz:shutdownTimeout: 60000, moz:useNonSpecCompliantPointerOrigin: false, moz:webdriverClick: true, pageLoadStrategy: normal, platform: WINDOWS, platformName: WINDOWS, platformVersion: 10.0, rotatable: false, setWindowRect: true, strictFileInteractability: false, timeouts: {implicit: 0, pageLoad: 300000, script: 30000}, unhandledPromptBehavior: dismiss and notify}
Session ID: 60e3e5f6-0521-4cbe-930d-4af29e65b9f3
at java.base/jdk.internal.reflect.NativeConstructorAccessorImpl.newInstance0(Native Method)
at java.base/jdk.internal.reflect.NativeConstructorAccessorImpl.newInstance(NativeConstructorAccessorImpl.java:62)
at java.base/jdk.internal.reflect.DelegatingConstructorAccessorImpl.newInstance(DelegatingConstructorAccessorImpl.java:45)
at java.base/java.lang.reflect.Constructor.newInstance(Constructor.java:490)
at org.openqa.selenium.remote.http.W3CHttpResponseCodec.createException(W3CHttpResponseCodec.java:187)
at org.openqa.selenium.remote.http.W3CHttpResponseCodec.decode(W3CHttpResponseCodec.java:122)
at org.openqa.selenium.remote.http.W3CHttpResponseCodec.decode(W3CHttpResponseCodec.java:49)
at org.openqa.selenium.remote.HttpCommandExecutor.execute(HttpCommandExecutor.java:158)
at org.openqa.selenium.remote.service.DriverCommandExecutor.execute(DriverCommandExecutor.java:83)
at org.openqa.selenium.remote.RemoteWebDriver.execute(RemoteWebDriver.java:552)
at org.openqa.selenium.remote.RemoteWebElement.execute(RemoteWebElement.java:285)
at org.openqa.selenium.remote.RemoteWebElement.click(RemoteWebElement.java:84)
at com.webtest.core.WebDriverEngine.click(WebDriverEngine.java:149)
at test.supeixian.demo.TestMyTracks.test21_like_follow_post_success(TestMyTracks.java:432)
at java.base/jdk.internal.reflect.NativeMethodAccessorImpl.invoke0(Native Method)
at java.base/jdk.internal.reflect.NativeMethodAccessorImpl.invoke(NativeMethodAccessorImpl.java:62)
at java.base/jdk.internal.reflect.DelegatingMethodAccessorImpl.invoke(DelegatingMethodAccessorImpl.java:43)
at java.base/java.lang.reflect.Method.invoke(Method.java:566)
at org.testng.internal.MethodInvocationHelper.invokeMethod(MethodInvocationHelper.java:132)
at org.testng.internal.TestInvoker.invokeMethod(TestInvoker.java:599)
at org.testng.internal.TestInvoker.invokeTestMethod(TestInvoker.java:174)
at org.testng.internal.MethodRunner.runInSequence(MethodRunner.java:46)
at org.testng.internal.TestInvoker$MethodInvocationAgent.invoke(TestInvoker.java:822)
at org.testng.internal.TestInvoker.invokeTestMethods(TestInvoker.java:147)
at org.testng.internal.TestMethodWorker.invokeTestMethods(TestMethodWorker.java:146)
at org.testng.internal.TestMethodWorker.run(TestMethodWorker.java:128)
at java.base/java.util.ArrayList.forEach(ArrayList.java:1540)
at org.testng.TestRunner.privateRun(TestRunner.java:764)
at org.testng.TestRunner.run(TestRunner.java:585)
at org.testng.SuiteRunner.runTest(SuiteRunner.java:384)
at org.testng.SuiteRunner.runSequentially(SuiteRunner.java:378)
at org.testng.SuiteRunner.privateRun(SuiteRunner.java:337)
at org.testng.SuiteRunner.run(SuiteRunner.java:286)
at org.testng.SuiteRunnerWorker.runSuite(SuiteRunnerWorker.java:53)
at org.testng.SuiteRunnerWorker.run(SuiteRunnerWorker.java:96)
at org.testng.TestNG.runSuitesSequentially(TestNG.java:1218)
at org.testng.TestNG.runSuitesLocally(TestNG.java:1140)
at org.testng.TestNG.runSuites(TestNG.java:1069)
at org.testng.TestNG.run(TestNG.java:1037)
at org.testng.remote.AbstractRemoteTestNG.run(AbstractRemoteTestNG.java:115)
at org.testng.remote.RemoteTestNG.initAndRun(RemoteTestNG.java:251)
at org.testng.remote.RemoteTestNG.main(RemoteTestNG.java:77)
]]>
            </full-stacktrace>
          </exception> <!-- org.openqa.selenium.ElementClickInterceptedException -->
          <reporter-output>
          </reporter-output>
        </test-method> <!-- test21_like_follow_post_success -->
        <test-method is-config="true" signature="doBeforeMehod()[pri:0, instance:test.supeixian.demo.TestMyTracks@3972a855]" started-at="2021-11-12T10:00:50 GMT+08:00" name="doBeforeMehod" finished-at="2021-11-12T10:00:55 GMT+08:00" duration-ms="5152" status="PASS">
          <reporter-output>
          </reporter-output>
        </test-method> <!-- doBeforeMehod -->
        <test-method signature="test22_into_disliked_follow()[pri:0, instance:test.supeixian.demo.TestMyTracks@3972a855]" started-at="2021-11-12T10:00:55 GMT+08:00" name="test22_into_disliked_follow" finished-at="2021-11-12T10:01:17 GMT+08:00" duration-ms="21960" status="PASS">
          <reporter-output>
          </reporter-output>
        </test-method> <!-- test22_into_disliked_follow -->
        <test-method is-config="true" signature="doBeforeMehod()[pri:0, instance:test.supeixian.demo.TestMyTracks@3972a855]" started-at="2021-11-12T10:01:17 GMT+08:00" name="doBeforeMehod" finished-at="2021-11-12T10:01:22 GMT+08:00" duration-ms="4703" status="PASS">
          <reporter-output>
          </reporter-output>
        </test-method> <!-- doBeforeMehod -->
        <test-method signature="test23_into_details()[pri:0, instance:test.supeixian.demo.TestMyTracks@3972a855]" started-at="2021-11-12T10:01:22 GMT+08:00" name="test23_into_details" finished-at="2021-11-12T10:01:44 GMT+08:00" duration-ms="22033" status="PASS">
          <reporter-output>
          </reporter-output>
        </test-method> <!-- test23_into_details -->
        <test-method is-config="true" signature="doBeforeMehod()[pri:0, instance:test.supeixian.demo.TestMyTracks@3972a855]" started-at="2021-11-12T10:01:44 GMT+08:00" name="doBeforeMehod" finished-at="2021-11-12T10:01:49 GMT+08:00" duration-ms="4733" status="PASS">
          <reporter-output>
          </reporter-output>
        </test-method> <!-- doBeforeMehod -->
        <test-method signature="test24_dele_disliked_follows()[pri:0, instance:test.supeixian.demo.TestMyTracks@3972a855]" started-at="2021-11-12T10:01:49 GMT+08:00" name="test24_dele_disliked_follows" finished-at="2021-11-12T10:02:08 GMT+08:00" duration-ms="18838" status="PASS">
          <reporter-output>
          </reporter-output>
        </test-method> <!-- test24_dele_disliked_follows -->
        <test-method is-config="true" signature="doBeforeMehod()[pri:0, instance:test.supeixian.demo.TestMyTracks@3972a855]" started-at="2021-11-12T10:02:08 GMT+08:00" name="doBeforeMehod" finished-at="2021-11-12T10:02:12 GMT+08:00" duration-ms="4708" status="PASS">
          <reporter-output>
          </reporter-output>
        </test-method> <!-- doBeforeMehod -->
        <test-method signature="test25_dele_disliked_follows_fail()[pri:0, instance:test.supeixian.demo.TestMyTracks@3972a855]" started-at="2021-11-12T10:02:12 GMT+08:00" name="test25_dele_disliked_follows_fail" finished-at="2021-11-12T10:02:31 GMT+08:00" duration-ms="18815" status="PASS">
          <reporter-output>
          </reporter-output>
        </test-method> <!-- test25_dele_disliked_follows_fail -->
        <test-method is-config="true" signature="doBeforeMehod()[pri:0, instance:test.supeixian.demo.TestMyTracks@3972a855]" started-at="2021-11-12T10:02:31 GMT+08:00" name="doBeforeMehod" finished-at="2021-11-12T10:02:36 GMT+08:00" duration-ms="4700" status="PASS">
          <reporter-output>
          </reporter-output>
        </test-method> <!-- doBeforeMehod -->
        <test-method signature="test26_dislike_follows()[pri:0, instance:test.supeixian.demo.TestMyTracks@3972a855]" started-at="2021-11-12T10:02:36 GMT+08:00" name="test26_dislike_follows" finished-at="2021-11-12T10:03:00 GMT+08:00" duration-ms="24501" status="FAIL">
          <exception class="org.openqa.selenium.ElementClickInterceptedException">
            <message>
              <![CDATA[Element <a class="nav-link text-dark" href="/jianyuluntan_2.4.6/index.php/user/index/dislikedfollow.html"> is not clickable at point (118,710) because another element <div class="fixed-bottom text-right"> obscures it
Build info: version: '3.141.59', revision: 'e82be7d358', time: '2018-11-14T08:25:53'
System info: host: 'LAPTOP-MJQEULQN', ip: '169.254.17.14', os.name: 'Windows 10', os.arch: 'amd64', os.version: '10.0', java.version: '11.0.2'
Driver info: org.openqa.selenium.firefox.FirefoxDriver
Capabilities {acceptInsecureCerts: true, browserName: firefox, browserVersion: 86.0, javascriptEnabled: true, moz:accessibilityChecks: false, moz:buildID: 20210222142601, moz:geckodriverVersion: 0.29.0, moz:headless: false, moz:processID: 53624, moz:profile: C:\Users\苏培贤\AppData\Local\..., moz:shutdownTimeout: 60000, moz:useNonSpecCompliantPointerOrigin: false, moz:webdriverClick: true, pageLoadStrategy: normal, platform: WINDOWS, platformName: WINDOWS, platformVersion: 10.0, rotatable: false, setWindowRect: true, strictFileInteractability: false, timeouts: {implicit: 0, pageLoad: 300000, script: 30000}, unhandledPromptBehavior: dismiss and notify}
Session ID: 16be2b66-f0d6-4229-912e-73c0bbc83290]]>
            </message>
            <full-stacktrace>
              <![CDATA[org.openqa.selenium.ElementClickInterceptedException: Element <a class="nav-link text-dark" href="/jianyuluntan_2.4.6/index.php/user/index/dislikedfollow.html"> is not clickable at point (118,710) because another element <div class="fixed-bottom text-right"> obscures it
Build info: version: '3.141.59', revision: 'e82be7d358', time: '2018-11-14T08:25:53'
System info: host: 'LAPTOP-MJQEULQN', ip: '169.254.17.14', os.name: 'Windows 10', os.arch: 'amd64', os.version: '10.0', java.version: '11.0.2'
Driver info: org.openqa.selenium.firefox.FirefoxDriver
Capabilities {acceptInsecureCerts: true, browserName: firefox, browserVersion: 86.0, javascriptEnabled: true, moz:accessibilityChecks: false, moz:buildID: 20210222142601, moz:geckodriverVersion: 0.29.0, moz:headless: false, moz:processID: 53624, moz:profile: C:\Users\苏培贤\AppData\Local\..., moz:shutdownTimeout: 60000, moz:useNonSpecCompliantPointerOrigin: false, moz:webdriverClick: true, pageLoadStrategy: normal, platform: WINDOWS, platformName: WINDOWS, platformVersion: 10.0, rotatable: false, setWindowRect: true, strictFileInteractability: false, timeouts: {implicit: 0, pageLoad: 300000, script: 30000}, unhandledPromptBehavior: dismiss and notify}
Session ID: 16be2b66-f0d6-4229-912e-73c0bbc83290
at java.base/jdk.internal.reflect.NativeConstructorAccessorImpl.newInstance0(Native Method)
at java.base/jdk.internal.reflect.NativeConstructorAccessorImpl.newInstance(NativeConstructorAccessorImpl.java:62)
at java.base/jdk.internal.reflect.DelegatingConstructorAccessorImpl.newInstance(DelegatingConstructorAccessorImpl.java:45)
at java.base/java.lang.reflect.Constructor.newInstance(Constructor.java:490)
at org.openqa.selenium.remote.http.W3CHttpResponseCodec.createException(W3CHttpResponseCodec.java:187)
at org.openqa.selenium.remote.http.W3CHttpResponseCodec.decode(W3CHttpResponseCodec.java:122)
at org.openqa.selenium.remote.http.W3CHttpResponseCodec.decode(W3CHttpResponseCodec.java:49)
at org.openqa.selenium.remote.HttpCommandExecutor.execute(HttpCommandExecutor.java:158)
at org.openqa.selenium.remote.service.DriverCommandExecutor.execute(DriverCommandExecutor.java:83)
at org.openqa.selenium.remote.RemoteWebDriver.execute(RemoteWebDriver.java:552)
at org.openqa.selenium.remote.RemoteWebElement.execute(RemoteWebElement.java:285)
at org.openqa.selenium.remote.RemoteWebElement.click(RemoteWebElement.java:84)
at com.webtest.core.WebDriverEngine.click(WebDriverEngine.java:149)
at test.supeixian.demo.TestMyTracks.test26_dislike_follows(TestMyTracks.java:515)
at java.base/jdk.internal.reflect.NativeMethodAccessorImpl.invoke0(Native Method)
at java.base/jdk.internal.reflect.NativeMethodAccessorImpl.invoke(NativeMethodAccessorImpl.java:62)
at java.base/jdk.internal.reflect.DelegatingMethodAccessorImpl.invoke(DelegatingMethodAccessorImpl.java:43)
at java.base/java.lang.reflect.Method.invoke(Method.java:566)
at org.testng.internal.MethodInvocationHelper.invokeMethod(MethodInvocationHelper.java:132)
at org.testng.internal.TestInvoker.invokeMethod(TestInvoker.java:599)
at org.testng.internal.TestInvoker.invokeTestMethod(TestInvoker.java:174)
at org.testng.internal.MethodRunner.runInSequence(MethodRunner.java:46)
at org.testng.internal.TestInvoker$MethodInvocationAgent.invoke(TestInvoker.java:822)
at org.testng.internal.TestInvoker.invokeTestMethods(TestInvoker.java:147)
at org.testng.internal.TestMethodWorker.invokeTestMethods(TestMethodWorker.java:146)
at org.testng.internal.TestMethodWorker.run(TestMethodWorker.java:128)
at java.base/java.util.ArrayList.forEach(ArrayList.java:1540)
at org.testng.TestRunner.privateRun(TestRunner.java:764)
at org.testng.TestRunner.run(TestRunner.java:585)
at org.testng.SuiteRunner.runTest(SuiteRunner.java:384)
at org.testng.SuiteRunner.runSequentially(SuiteRunner.java:378)
at org.testng.SuiteRunner.privateRun(SuiteRunner.java:337)
at org.testng.SuiteRunner.run(SuiteRunner.java:286)
at org.testng.SuiteRunnerWorker.runSuite(SuiteRunnerWorker.java:53)
at org.testng.SuiteRunnerWorker.run(SuiteRunnerWorker.java:96)
at org.testng.TestNG.runSuitesSequentially(TestNG.java:1218)
at org.testng.TestNG.runSuitesLocally(TestNG.java:1140)
at org.testng.TestNG.runSuites(TestNG.java:1069)
at org.testng.TestNG.run(TestNG.java:1037)
at org.testng.remote.AbstractRemoteTestNG.run(AbstractRemoteTestNG.java:115)
at org.testng.remote.RemoteTestNG.initAndRun(RemoteTestNG.java:251)
at org.testng.remote.RemoteTestNG.main(RemoteTestNG.java:77)
]]>
            </full-stacktrace>
          </exception> <!-- org.openqa.selenium.ElementClickInterceptedException -->
          <reporter-output>
          </reporter-output>
        </test-method> <!-- test26_dislike_follows -->
        <test-method is-config="true" signature="doBeforeMehod()[pri:0, instance:test.supeixian.demo.TestMyTracks@3972a855]" started-at="2021-11-12T10:03:00 GMT+08:00" name="doBeforeMehod" finished-at="2021-11-12T10:03:06 GMT+08:00" duration-ms="5166" status="PASS">
          <reporter-output>
          </reporter-output>
        </test-method> <!-- doBeforeMehod -->
        <test-method signature="test27_into_payment_history_page()[pri:0, instance:test.supeixian.demo.TestMyTracks@3972a855]" started-at="2021-11-12T10:03:06 GMT+08:00" name="test27_into_payment_history_page" finished-at="2021-11-12T10:03:28 GMT+08:00" duration-ms="21944" status="PASS">
          <reporter-output>
          </reporter-output>
        </test-method> <!-- test27_into_payment_history_page -->
        <test-method is-config="true" signature="doBeforeMehod()[pri:0, instance:test.supeixian.demo.TestMyTracks@3972a855]" started-at="2021-11-12T10:03:28 GMT+08:00" name="doBeforeMehod" finished-at="2021-11-12T10:03:33 GMT+08:00" duration-ms="5187" status="PASS">
          <reporter-output>
          </reporter-output>
        </test-method> <!-- doBeforeMehod -->
        <test-method signature="test28_into_payment_page()[pri:0, instance:test.supeixian.demo.TestMyTracks@3972a855]" started-at="2021-11-12T10:03:33 GMT+08:00" name="test28_into_payment_page" finished-at="2021-11-12T10:03:55 GMT+08:00" duration-ms="21957" status="PASS">
          <reporter-output>
          </reporter-output>
        </test-method> <!-- test28_into_payment_page -->
        <test-method is-config="true" signature="doBeforeMehod()[pri:0, instance:test.supeixian.demo.TestMyTracks@3972a855]" started-at="2021-11-12T10:03:55 GMT+08:00" name="doBeforeMehod" finished-at="2021-11-12T10:04:00 GMT+08:00" duration-ms="5189" status="PASS">
          <reporter-output>
          </reporter-output>
        </test-method> <!-- doBeforeMehod -->
        <test-method signature="test29_return_page()[pri:0, instance:test.supeixian.demo.TestMyTracks@3972a855]" started-at="2021-11-12T10:04:00 GMT+08:00" name="test29_return_page" finished-at="2021-11-12T10:04:22 GMT+08:00" duration-ms="22084" status="PASS">
          <reporter-output>
          </reporter-output>
        </test-method> <!-- test29_return_page -->
        <test-method is-config="true" signature="doBeforeMehod()[pri:0, instance:test.supeixian.demo.TestMyTracks@3972a855]" started-at="2021-11-12T10:04:22 GMT+08:00" name="doBeforeMehod" finished-at="2021-11-12T10:04:27 GMT+08:00" duration-ms="4718" status="PASS">
          <reporter-output>
          </reporter-output>
        </test-method> <!-- doBeforeMehod -->
        <test-method signature="test30_scroll_banner()[pri:0, instance:test.supeixian.demo.TestMyTracks@3972a855]" started-at="2021-11-12T10:04:27 GMT+08:00" name="test30_scroll_banner" finished-at="2021-11-12T10:04:45 GMT+08:00" duration-ms="18767" status="PASS">
          <reporter-output>
          </reporter-output>
        </test-method> <!-- test30_scroll_banner -->
        <test-method is-config="true" signature="doBeforeMehod()[pri:0, instance:test.supeixian.demo.TestMyTracks@3972a855]" started-at="2021-11-12T10:04:45 GMT+08:00" name="doBeforeMehod" finished-at="2021-11-12T10:04:50 GMT+08:00" duration-ms="4681" status="PASS">
          <reporter-output>
          </reporter-output>
        </test-method> <!-- doBeforeMehod -->
        <test-method signature="test31_cai_genteibyself()[pri:0, instance:test.supeixian.demo.TestMyTracks@3972a855]" started-at="2021-11-12T10:04:50 GMT+08:00" name="test31_cai_genteibyself" finished-at="2021-11-12T10:05:11 GMT+08:00" duration-ms="21209" status="PASS">
          <reporter-output>
          </reporter-output>
        </test-method> <!-- test31_cai_genteibyself -->
        <test-method is-config="true" signature="doBeforeMehod()[pri:0, instance:test.supeixian.demo.TestMyTracks@3972a855]" started-at="2021-11-12T10:05:11 GMT+08:00" name="doBeforeMehod" finished-at="2021-11-12T10:05:16 GMT+08:00" duration-ms="4640" status="PASS">
          <reporter-output>
          </reporter-output>
        </test-method> <!-- doBeforeMehod -->
        <test-method signature="test32_after_delete_into_mainpage()[pri:0, instance:test.supeixian.demo.TestMyTracks@3972a855]" started-at="2021-11-12T10:05:16 GMT+08:00" name="test32_after_delete_into_mainpage" finished-at="2021-11-12T10:05:37 GMT+08:00" duration-ms="21288" status="PASS">
          <reporter-output>
          </reporter-output>
        </test-method> <!-- test32_after_delete_into_mainpage -->
        <test-method is-config="true" signature="doBeforeMehod()[pri:0, instance:test.supeixian.demo.TestMyTracks@3972a855]" started-at="2021-11-12T10:05:37 GMT+08:00" name="doBeforeMehod" finished-at="2021-11-12T10:05:42 GMT+08:00" duration-ms="4678" status="PASS">
          <reporter-output>
          </reporter-output>
        </test-method> <!-- doBeforeMehod -->
        <test-method signature="test33_change_page()[pri:0, instance:test.supeixian.demo.TestMyTracks@3972a855]" started-at="2021-11-12T10:05:42 GMT+08:00" name="test33_change_page" finished-at="2021-11-12T10:06:03 GMT+08:00" duration-ms="21398" status="PASS">
          <reporter-output>
          </reporter-output>
        </test-method> <!-- test33_change_page -->
        <test-method is-config="true" signature="doBeforeMehod()[pri:0, instance:test.supeixian.demo.TestMyTracks@3972a855]" started-at="2021-11-12T10:06:03 GMT+08:00" name="doBeforeMehod" finished-at="2021-11-12T10:06:08 GMT+08:00" duration-ms="4717" status="PASS">
          <reporter-output>
          </reporter-output>
        </test-method> <!-- doBeforeMehod -->
        <test-method signature="test34_visit_history()[pri:0, instance:test.supeixian.demo.TestMyTracks@3972a855]" started-at="2021-11-12T10:06:08 GMT+08:00" name="test34_visit_history" finished-at="2021-11-12T10:06:43 GMT+08:00" duration-ms="34961" status="PASS">
          <reporter-output>
          </reporter-output>
        </test-method> <!-- test34_visit_history -->
        <test-method is-config="true" signature="doBeforeMehod()[pri:0, instance:test.supeixian.demo.TestMyTracks@3972a855]" started-at="2021-11-12T10:06:43 GMT+08:00" name="doBeforeMehod" finished-at="2021-11-12T10:06:48 GMT+08:00" duration-ms="4704" status="PASS">
          <reporter-output>
          </reporter-output>
        </test-method> <!-- doBeforeMehod -->
        <test-method signature="test35_payment_page()[pri:0, instance:test.supeixian.demo.TestMyTracks@3972a855]" started-at="2021-11-12T10:06:48 GMT+08:00" name="test35_payment_page" finished-at="2021-11-12T10:07:09 GMT+08:00" duration-ms="21369" status="PASS">
          <reporter-output>
          </reporter-output>
        </test-method> <!-- test35_payment_page -->
        <test-method is-config="true" signature="doAfterMethod()[pri:0, instance:test.supeixian.demo.TestMyTracks@3972a855]" started-at="2021-11-12T10:07:09 GMT+08:00" name="doAfterMethod" finished-at="2021-11-12T10:07:10 GMT+08:00" duration-ms="633" status="PASS">
          <reporter-output>
          </reporter-output>
        </test-method> <!-- doAfterMethod -->
      </class> <!-- test.supeixian.demo.TestMyTracks -->
    </test> <!-- Default test -->
  </suite> <!-- Default suite -->
</testng-results>
